c:\users\user\source\repos\dspc_assignment\dspc_assignment\x64\debug\vc143.pdb
c:\users\user\source\repos\dspc_assignment\dspc_assignment\x64\debug\vc143.idb
c:\users\user\source\repos\dspc_assignment\dspc_assignment\x64\debug\dspc_assignment.obj
c:\users\user\source\repos\dspc_assignment\dspc_assignment\x64\debug\haarwavelet.cu.obj
c:\users\user\source\repos\dspc_assignment\x64\debug\dspc_assignment.lib
c:\users\user\source\repos\dspc_assignment\x64\debug\dspc_assignment.exp
c:\users\user\source\repos\dspc_assignment\x64\debug\dspc_assignment.exe
c:\users\user\source\repos\dspc_assignment\dspc_assignment\x64\debug\dspc_assignment.ilk
c:\users\user\source\repos\dspc_assignment\x64\debug\dspc_assignment.pdb
c:\users\user\source\repos\dspc_assignment\dspc_assignment\x64\debug\haarwavelet.cu.cache
c:\users\user\source\repos\dspc_assignment\dspc_assignment\x64\debug\haarwaveletgpu.cu.cache
c:\users\user\source\repos\dspc_assignment\dspc_assignment\x64\debug\haarwaveletparallelized.cu.cache
c:\users\user\source\repos\dspc_assignment\dspc_assignment\x64\debug\haarwaveletgpu.cu.obj
c:\users\user\source\repos\dspc_assignment\dspc_assignment\x64\debug\haarwaveletparallelized.cu.obj
c:\users\user\source\repos\dspc_assignment\dspc_assignment\x64\debug\parallelized.obj
c:\users\user\source\repos\dspc_assignment\dspc_assignment\x64\debug\dspc_assignment.tlog\cl.command.1.tlog
c:\users\user\source\repos\dspc_assignment\dspc_assignment\x64\debug\dspc_assignment.tlog\cl.read.1.tlog
c:\users\user\source\repos\dspc_assignment\dspc_assignment\x64\debug\dspc_assignment.tlog\cl.write.1.tlog
c:\users\user\source\repos\dspc_assignment\dspc_assignment\x64\debug\dspc_assignment.tlog\cudacompile.read.1u.tlog
c:\users\user\source\repos\dspc_assignment\dspc_assignment\x64\debug\dspc_assignment.tlog\cudacompile.write.1u.tlog
c:\users\user\source\repos\dspc_assignment\dspc_assignment\x64\debug\dspc_assignment.tlog\dspc_assignment.write.1u.tlog
c:\users\user\source\repos\dspc_assignment\dspc_assignment\x64\debug\dspc_assignment.tlog\link.command.1.tlog
c:\users\user\source\repos\dspc_assignment\dspc_assignment\x64\debug\dspc_assignment.tlog\link.read.1.tlog
c:\users\user\source\repos\dspc_assignment\dspc_assignment\x64\debug\dspc_assignment.tlog\link.write.1.tlog
